0 verbose cli /opt/homebrew/Cellar/node/25.8.1_1/bin/node /opt/homebrew/bin/npm
1 info using npm@11.11.0
2 info using node@v25.8.1
3 silly config load:file:/opt/homebrew/lib/node_modules/npm/npmrc
4 silly config load:file:/Users/macbook/Desktop/Projects/stagd-web/.npmrc
5 silly config load:file:/Users/macbook/.npmrc
6 silly config load:file:/opt/homebrew/etc/npmrc
7 verbose title npm install @supabase/supabase-js
8 verbose argv "install" "@supabase/supabase-js" "--cache" ".npm_cache"
9 verbose logfile logs-max:10 dir:/Users/macbook/Desktop/Projects/stagd-web/.npm_cache/_logs/2026-05-03T02_50_33_926Z-
10 verbose logfile /Users/macbook/Desktop/Projects/stagd-web/.npm_cache/_logs/2026-05-03T02_50_33_926Z-debug-0.log
11 silly logfile done cleaning log files
12 silly packumentCache heap:2348810240 maxSize:587202560 maxEntrySize:293601280
13 http fetch GET 403 https://registry.npmjs.org/npm 14ms
14 verbose shrinkwrap failed to load node_modules/.package-lock.json out of date, updated: node_modules
15 silly idealTree buildDeps
16 silly fetch manifest @supabase/supabase-js@*
17 silly packumentCache full:https://registry.npmjs.org/@supabase%2fsupabase-js cache-miss
18 http fetch GET 403 https://registry.npmjs.org/@supabase%2fsupabase-js 3ms (cache skip)
19 silly placeDep ROOT @supabase/supabase-js@ OK for: stagd-web@0.1.0 want: *
20 verbose stack HttpErrorGeneral: 403 Forbidden - GET https://registry.npmjs.org/@supabase%2fsupabase-js
20 verbose stack     at /opt/homebrew/lib/node_modules/npm/node_modules/npm-registry-fetch/lib/check-response.js:103:15
20 verbose stack     at process.processTicksAndRejections (node:internal/process/task_queues:104:5)
20 verbose stack     at async RegistryFetcher.packument (/opt/homebrew/lib/node_modules/npm/node_modules/pacote/lib/registry.js:90:19)
20 verbose stack     at async RegistryFetcher.manifest (/opt/homebrew/lib/node_modules/npm/node_modules/pacote/lib/registry.js:128:23)
20 verbose stack     at async #fetchManifest (/opt/homebrew/lib/node_modules/npm/node_modules/@npmcli/arborist/lib/arborist/build-ideal-tree.js:1227:20)
20 verbose stack     at async #nodeFromEdge (/opt/homebrew/lib/node_modules/npm/node_modules/@npmcli/arborist/lib/arborist/build-ideal-tree.js:1061:19)
20 verbose stack     at async #buildDepStep (/opt/homebrew/lib/node_modules/npm/node_modules/@npmcli/arborist/lib/arborist/build-ideal-tree.js:917:11)
20 verbose stack     at async Arborist.buildIdealTree (/opt/homebrew/lib/node_modules/npm/node_modules/@npmcli/arborist/lib/arborist/build-ideal-tree.js:170:7)
20 verbose stack     at async Promise.all (index 1)
20 verbose stack     at async Arborist.reify (/opt/homebrew/lib/node_modules/npm/node_modules/@npmcli/arborist/lib/arborist/reify.js:110:5)
21 verbose statusCode 403
22 verbose pkgid @supabase/supabase-js@*
23 error code E403
24 error 403 403 Forbidden - GET https://registry.npmjs.org/@supabase%2fsupabase-js
25 error 403 In most cases, you or one of your dependencies are requesting
25 error 403 a package version that is forbidden by your security policy, or
25 error 403 on a server you do not have access to.
26 silly unfinished npm timer reify 1777776634083
27 silly unfinished npm timer reify:loadTrees 1777776634088
28 verbose cwd /Users/macbook/Desktop/Projects/stagd-web
29 verbose os Darwin 25.3.0
30 verbose node v25.8.1
31 verbose npm  v11.11.0
32 verbose exit 1
33 verbose code 1
34 error A complete log of this run can be found in: /Users/macbook/Desktop/Projects/stagd-web/.npm_cache/_logs/2026-05-03T02_50_33_926Z-debug-0.log
